DEB [20130608-15:15:35.759] thr=1   paramiko.transport: starting thread (client mode): 0xf890690L
INF [20130608-15:15:35.785] thr=1   paramiko.transport: Connected (version 2.0, client 9.99)
DEB [20130608-15:15:35.791] thr=1   paramiko.transport: kex algos:['diffie-hellman-group14-sha1', 'diffie-hellman-group-exchange-sha1', 'diffie-hellman-group1-sha1'] server key:['ssh-dss'] client encrypt:['aes256-ctr', 'twofish256-ctr', 'twofish-ctr', 'aes128-ctr', 'twofish128-ctr', 'blowfish-ctr', '3des-ctr', 'cast128-ctr', 'aes256-cbc', 'twofish256-cbc', 'twofish-cbc', 'aes128-cbc', 'twofish128-cbc', 'blowfish-cbc', '3des-cbc', 'arcfour', 'cast128-cbc'] server encrypt:['aes256-ctr', 'twofish256-ctr', 'twofish-ctr', 'aes128-ctr', 'twofish128-ctr', 'blowfish-ctr', '3des-ctr', 'cast128-ctr', 'aes256-cbc', 'twofish256-cbc', 'twofish-cbc', 'aes128-cbc', 'twofish128-cbc', 'blowfish-cbc', '3des-cbc', 'arcfour', 'cast128-cbc'] client mac:['hmac-sha1', 'hmac-md5', 'hmac-sha1-96', 'hmac-md5-96'] server mac:['hmac-sha1', 'hmac-md5', 'hmac-sha1-96', 'hmac-md5-96'] client compress:['zlib', 'none'] server compress:['zlib', 'none'] client lang:[''] server lang:[''] kex follows?False
DEB [20130608-15:15:35.791] thr=1   paramiko.transport: Ciphers agreed: local=aes128-ctr, remote=aes128-ctr
DEB [20130608-15:15:35.791] thr=1   paramiko.transport: using kex diffie-hellman-group1-sha1; server key type ssh-dss; cipher: local aes128-ctr, remote aes128-ctr; mac: local hmac-sha1, remote hmac-sha1; compression: local none, remote none
DEB [20130608-15:15:36.176] thr=1   paramiko.transport: Switch to new keys ...
DEB [20130608-15:15:36.178] thr=2   paramiko.transport: Attempting password auth...
DEB [20130608-15:15:36.521] thr=1   paramiko.transport: userauth is OK
INF [20130608-15:15:36.930] thr=1   paramiko.transport: Authentication (password) successful!
DEB [20130608-15:15:36.953] thr=2   paramiko.transport: [chan 1] Max packet in: 34816 bytes
DEB [20130608-15:15:36.981] thr=1   paramiko.transport: [chan 1] Max packet out: 35840 bytes
INF [20130608-15:15:36.981] thr=1   paramiko.transport: Secsh channel 1 opened.
DEB [20130608-15:15:37.014] thr=1   paramiko.transport: [chan 1] Sesch channel 1 request ok
INF [20130608-15:15:37.044] thr=2   paramiko.transport.sftp: [chan 1] Opened sftp connection (server version 3)
DEB [20130608-15:15:37.044] thr=2   paramiko.transport.sftp: [chan 1] listdir('.')
DEB [20130608-15:15:37.253] thr=2   paramiko.transport.sftp: [chan 1] stat('Clients')
DEB [20130608-15:15:37.280] thr=2   paramiko.transport.sftp: [chan 1] normalize('Clients')
DEB [20130608-15:15:37.310] thr=2   paramiko.transport.sftp: [chan 1] listdir('/Clients/.')
DEB [20130608-15:15:37.506] thr=2   paramiko.transport.sftp: [chan 1] listdir('/Clients/.')
DEB [20130608-15:15:37.668] thr=2   paramiko.transport.sftp: [chan 1] stat('/Clients/Goldman Sachs (GLSA)')
DEB [20130608-15:15:37.696] thr=2   paramiko.transport.sftp: [chan 1] normalize('/Clients/Goldman Sachs (GLSA)')
DEB [20130608-15:15:37.723] thr=2   paramiko.transport.sftp: [chan 1] listdir('/Clients/Goldman Sachs (GLSA)/.')
DEB [20130608-15:15:37.905] thr=2   paramiko.transport.sftp: [chan 1] listdir('/Clients/Goldman Sachs (GLSA)/.')
DEB [20130608-15:15:38.312] thr=2   paramiko.transport.sftp: [chan 1] stat('/Clients/Goldman Sachs (GLSA)/ENPAM')
DEB [20130608-15:15:38.341] thr=2   paramiko.transport.sftp: [chan 1] normalize('/Clients/Goldman Sachs (GLSA)/ENPAM')
DEB [20130608-15:15:38.369] thr=2   paramiko.transport.sftp: [chan 1] listdir('/Clients/Goldman Sachs (GLSA)/ENPAM/.')
DEB [20130608-15:15:38.544] thr=2   paramiko.transport.sftp: [chan 1] listdir('/Clients/Goldman Sachs (GLSA)/ENPAM/.')
DEB [20130608-15:15:38.677] thr=2   paramiko.transport.sftp: [chan 1] stat('/Clients/Goldman Sachs (GLSA)/ENPAM/GLAB')
DEB [20130608-15:15:38.797] thr=2   paramiko.transport.sftp: [chan 1] stat('/Clients/Goldman Sachs (GLSA)/ENPAM/GLAC')
DEB [20130608-15:15:38.876] thr=2   paramiko.transport.sftp: [chan 1] stat('/Clients/Goldman Sachs (GLSA)/ENPAM/GLAT')
DEB [20130608-15:15:38.950] thr=2   paramiko.transport.sftp: [chan 1] stat('/Clients/Goldman Sachs (GLSA)/ENPAM/GLBM')
DEB [20130608-15:15:39.029] thr=2   paramiko.transport.sftp: [chan 1] stat('/Clients/Goldman Sachs (GLSA)/ENPAM/GLCG')
DEB [20130608-15:15:39.102] thr=2   paramiko.transport.sftp: [chan 1] stat('/Clients/Goldman Sachs (GLSA)/ENPAM/GLCO')
DEB [20130608-15:15:39.176] thr=2   paramiko.transport.sftp: [chan 1] stat('/Clients/Goldman Sachs (GLSA)/ENPAM/GLCS')
DEB [20130608-15:15:39.254] thr=2   paramiko.transport.sftp: [chan 1] stat('/Clients/Goldman Sachs (GLSA)/ENPAM/GLCV')
DEB [20130608-15:15:39.331] thr=2   paramiko.transport.sftp: [chan 1] stat('/Clients/Goldman Sachs (GLSA)/ENPAM/GLCX')
DEB [20130608-15:15:39.406] thr=2   paramiko.transport.sftp: [chan 1] stat('/Clients/Goldman Sachs (GLSA)/ENPAM/GLER')
DEB [20130608-15:15:39.484] thr=2   paramiko.transport.sftp: [chan 1] stat('/Clients/Goldman Sachs (GLSA)/ENPAM/GLEV')
DEB [20130608-15:15:39.562] thr=2   paramiko.transport.sftp: [chan 1] stat('/Clients/Goldman Sachs (GLSA)/ENPAM/GLFB')
DEB [20130608-15:15:39.642] thr=2   paramiko.transport.sftp: [chan 1] stat('/Clients/Goldman Sachs (GLSA)/ENPAM/GLFF')
DEB [20130608-15:15:39.719] thr=2   paramiko.transport.sftp: [chan 1] stat('/Clients/Goldman Sachs (GLSA)/ENPAM/GLFH')
DEB [20130608-15:15:39.798] thr=2   paramiko.transport.sftp: [chan 1] stat('/Clients/Goldman Sachs (GLSA)/ENPAM/GLFM')
DEB [20130608-15:15:39.877] thr=2   paramiko.transport.sftp: [chan 1] stat('/Clients/Goldman Sachs (GLSA)/ENPAM/GLHS')
DEB [20130608-15:15:39.954] thr=2   paramiko.transport.sftp: [chan 1] stat('/Clients/Goldman Sachs (GLSA)/ENPAM/GLI4')
DEB [20130608-15:15:40.033] thr=2   paramiko.transport.sftp: [chan 1] stat('/Clients/Goldman Sachs (GLSA)/ENPAM/GLI5')
DEB [20130608-15:15:40.110] thr=2   paramiko.transport.sftp: [chan 1] stat('/Clients/Goldman Sachs (GLSA)/ENPAM/GLI6')
DEB [20130608-15:15:40.462] thr=2   paramiko.transport.sftp: [chan 1] stat('/Clients/Goldman Sachs (GLSA)/ENPAM/GLI7')
DEB [20130608-15:15:40.539] thr=2   paramiko.transport.sftp: [chan 1] stat('/Clients/Goldman Sachs (GLSA)/ENPAM/GLIA')
DEB [20130608-15:15:40.613] thr=2   paramiko.transport.sftp: [chan 1] stat('/Clients/Goldman Sachs (GLSA)/ENPAM/GLIJ')
DEB [20130608-15:15:40.689] thr=2   paramiko.transport.sftp: [chan 1] stat('/Clients/Goldman Sachs (GLSA)/ENPAM/GLIN')
DEB [20130608-15:15:40.767] thr=2   paramiko.transport.sftp: [chan 1] stat('/Clients/Goldman Sachs (GLSA)/ENPAM/GLIO')
DEB [20130608-15:15:40.842] thr=2   paramiko.transport.sftp: [chan 1] stat('/Clients/Goldman Sachs (GLSA)/ENPAM/GLIS')
DEB [20130608-15:15:40.917] thr=2   paramiko.transport.sftp: [chan 1] stat('/Clients/Goldman Sachs (GLSA)/ENPAM/GLKG')
DEB [20130608-15:15:40.990] thr=2   paramiko.transport.sftp: [chan 1] stat('/Clients/Goldman Sachs (GLSA)/ENPAM/GLKM')
DEB [20130608-15:15:41.067] thr=2   paramiko.transport.sftp: [chan 1] stat('/Clients/Goldman Sachs (GLSA)/ENPAM/GLKT')
DEB [20130608-15:15:41.142] thr=2   paramiko.transport.sftp: [chan 1] stat('/Clients/Goldman Sachs (GLSA)/ENPAM/GLLG')
DEB [20130608-15:15:41.217] thr=2   paramiko.transport.sftp: [chan 1] stat('/Clients/Goldman Sachs (GLSA)/ENPAM/GLLO')
DEB [20130608-15:15:41.291] thr=2   paramiko.transport.sftp: [chan 1] stat('/Clients/Goldman Sachs (GLSA)/ENPAM/GLMZ')
DEB [20130608-15:15:41.367] thr=2   paramiko.transport.sftp: [chan 1] stat('/Clients/Goldman Sachs (GLSA)/ENPAM/GLOM')
DEB [20130608-15:15:41.449] thr=2   paramiko.transport.sftp: [chan 1] stat('/Clients/Goldman Sachs (GLSA)/ENPAM/GLPD')
DEB [20130608-15:15:41.525] thr=2   paramiko.transport.sftp: [chan 1] stat('/Clients/Goldman Sachs (GLSA)/ENPAM/GLPG')
DEB [20130608-15:15:41.601] thr=2   paramiko.transport.sftp: [chan 1] stat('/Clients/Goldman Sachs (GLSA)/ENPAM/GLPS')
DEB [20130608-15:15:41.678] thr=2   paramiko.transport.sftp: [chan 1] stat('/Clients/Goldman Sachs (GLSA)/ENPAM/GLRN')
DEB [20130608-15:15:41.754] thr=2   paramiko.transport.sftp: [chan 1] stat('/Clients/Goldman Sachs (GLSA)/ENPAM/GLRQ')
DEB [20130608-15:15:41.830] thr=2   paramiko.transport.sftp: [chan 1] stat('/Clients/Goldman Sachs (GLSA)/ENPAM/GLSD')
DEB [20130608-15:15:41.908] thr=2   paramiko.transport.sftp: [chan 1] stat('/Clients/Goldman Sachs (GLSA)/ENPAM/GLSG')
DEB [20130608-15:15:41.985] thr=2   paramiko.transport.sftp: [chan 1] stat('/Clients/Goldman Sachs (GLSA)/ENPAM/GLSK')
DEB [20130608-15:15:42.059] thr=2   paramiko.transport.sftp: [chan 1] stat('/Clients/Goldman Sachs (GLSA)/ENPAM/GLSN')
DEB [20130608-15:15:42.138] thr=2   paramiko.transport.sftp: [chan 1] stat('/Clients/Goldman Sachs (GLSA)/ENPAM/GLSR')
DEB [20130608-15:15:42.433] thr=2   paramiko.transport.sftp: [chan 1] stat('/Clients/Goldman Sachs (GLSA)/ENPAM/GLSS')
DEB [20130608-15:15:42.510] thr=2   paramiko.transport.sftp: [chan 1] stat('/Clients/Goldman Sachs (GLSA)/ENPAM/GLST')
DEB [20130608-15:15:42.588] thr=2   paramiko.transport.sftp: [chan 1] stat('/Clients/Goldman Sachs (GLSA)/ENPAM/GLSW')
DEB [20130608-15:15:42.670] thr=2   paramiko.transport.sftp: [chan 1] stat('/Clients/Goldman Sachs (GLSA)/ENPAM/GLTC')
DEB [20130608-15:15:42.754] thr=2   paramiko.transport.sftp: [chan 1] stat('/Clients/Goldman Sachs (GLSA)/ENPAM/GLTY')
DEB [20130608-15:15:42.830] thr=2   paramiko.transport.sftp: [chan 1] stat('/Clients/Goldman Sachs (GLSA)/ENPAM/GLWF')
DEB [20130608-15:15:42.924] thr=2   paramiko.transport.sftp: [chan 1] stat('/Clients/Goldman Sachs (GLSA)/ENPAM/GLWM')
DEB [20130608-15:15:43.000] thr=2   paramiko.transport.sftp: [chan 1] stat('/Clients/Goldman Sachs (GLSA)/ENPAM/IMD-GSIP')
DEB [20130608-15:15:43.078] thr=2   paramiko.transport.sftp: [chan 1] stat('/Clients/Goldman Sachs (GLSA)/ENPAM/TEMP')
